<?xml version="1.0" encoding="UTF-8"?>
<testsuite name="com.nm.compliance.IronPortsPublisherApplicationTests" tests="1" skipped="0" failures="0" errors="0" timestamp="2017-10-26T14:46:39" hostname="S250114" time="0.103">
  <properties/>
  <testcase name="contextLoads" classname="com.nm.compliance.IronPortsPublisherApplicationTests" time="0.103"/>
  <system-out><![CDATA[09:46:27.706 [Test worker] DEBUG org.springframework.test.context.junit4.SpringJUnit4ClassRunner - SpringJUnit4ClassRunner constructor called with [class com.nm.compliance.IronPortsPublisherApplicationTests]
09:46:27.716 [Test worker] DEBUG org.springframework.test.context.BootstrapUtils - Instantiating CacheAwareContextLoaderDelegate from class [org.springframework.test.context.cache.DefaultCacheAwareContextLoaderDelegate]
09:46:27.758 [Test worker] DEBUG org.springframework.test.context.BootstrapUtils - Instantiating BootstrapContext using constructor [public org.springframework.test.context.support.DefaultBootstrapContext(java.lang.Class,org.springframework.test.context.CacheAwareContextLoaderDelegate)]
09:46:27.787 [Test worker] DEBUG org.springframework.test.context.BootstrapUtils - Instantiating TestContextBootstrapper for test class [com.nm.compliance.IronPortsPublisherApplicationTests] from class [org.springframework.boot.test.context.SpringBootTestContextBootstrapper]
09:46:27.845 [Test worker] INFO org.springframework.boot.test.context.SpringBootTestContextBootstrapper - Neither @ContextConfiguration nor @ContextHierarchy found for test class [com.nm.compliance.IronPortsPublisherApplicationTests], using SpringBootContextLoader
09:46:27.853 [Test worker] DEBUG org.springframework.test.context.support.AbstractContextLoader - Did not detect default resource location for test class [com.nm.compliance.IronPortsPublisherApplicationTests]: class path resource [com/nm/compliance/IronPortsPublisherApplicationTests-context.xml] does not exist
09:46:27.854 [Test worker] DEBUG org.springframework.test.context.support.AbstractContextLoader - Did not detect default resource location for test class [com.nm.compliance.IronPortsPublisherApplicationTests]: class path resource [com/nm/compliance/IronPortsPublisherApplicationTestsContext.groovy] does not exist
09:46:27.855 [Test worker] INFO org.springframework.test.context.support.AbstractContextLoader - Could not detect default resource locations for test class [com.nm.compliance.IronPortsPublisherApplicationTests]: no resource found for suffixes {-context.xml, Context.groovy}.
09:46:27.856 [Test worker] INFO org.springframework.test.context.support.AnnotationConfigContextLoaderUtils - Could not detect default configuration classes for test class [com.nm.compliance.IronPortsPublisherApplicationTests]: IronPortsPublisherApplicationTests does not declare any static, non-private, non-final, nested classes annotated with @Configuration.
09:46:27.966 [Test worker] DEBUG org.springframework.test.context.support.ActiveProfilesUtils - Could not find an 'annotation declaring class' for annotation type [org.springframework.test.context.ActiveProfiles] and class [com.nm.compliance.IronPortsPublisherApplicationTests]
09:46:28.074 [Test worker] DEBUG org.springframework.core.env.StandardEnvironment - Adding [systemProperties] PropertySource with lowest search precedence
09:46:28.074 [Test worker] DEBUG org.springframework.core.env.StandardEnvironment - Adding [systemEnvironment] PropertySource with lowest search precedence
09:46:28.074 [Test worker] DEBUG org.springframework.core.env.StandardEnvironment - Initialized StandardEnvironment with PropertySources [systemProperties,systemEnvironment]
09:46:28.114 [Test worker] DEBUG org.springframework.core.io.support.PathMatchingResourcePatternResolver - Resolved classpath location [com/nm/compliance/] to resources [URL [file:/C:/nmldev/LC_Filter/cig-batch-publisher/build/classes/test/com/nm/compliance/], URL [file:/C:/nmldev/LC_Filter/cig-batch-publisher/build/classes/main/com/nm/compliance/]]
09:46:28.115 [Test worker] DEBUG org.springframework.core.io.support.PathMatchingResourcePatternResolver - Looking for matching resources in directory tree [C:\nmldev\LC_Filter\cig-batch-publisher\build\classes\test\com\nm\compliance]
09:46:28.116 [Test worker] DEBUG org.springframework.core.io.support.PathMatchingResourcePatternResolver - Searching directory [C:\nmldev\LC_Filter\cig-batch-publisher\build\classes\test\com\nm\compliance] for files matching pattern [C:/nmldev/LC_Filter/cig-batch-publisher/build/classes/test/com/nm/compliance/*.class]
09:46:28.130 [Test worker] DEBUG org.springframework.core.io.support.PathMatchingResourcePatternResolver - Looking for matching resources in directory tree [C:\nmldev\LC_Filter\cig-batch-publisher\build\classes\main\com\nm\compliance]
09:46:28.131 [Test worker] DEBUG org.springframework.core.io.support.PathMatchingResourcePatternResolver - Searching directory [C:\nmldev\LC_Filter\cig-batch-publisher\build\classes\main\com\nm\compliance] for files matching pattern [C:/nmldev/LC_Filter/cig-batch-publisher/build/classes/main/com/nm/compliance/*.class]
09:46:28.140 [Test worker] DEBUG org.springframework.core.io.support.PathMatchingResourcePatternResolver - Resolved location pattern [classpath*:com/nm/compliance/*.class] to resources [file [C:\nmldev\LC_Filter\cig-batch-publisher\build\classes\test\com\nm\compliance\IronPortsPublisherApplicationTests.class], file [C:\nmldev\LC_Filter\cig-batch-publisher\build\classes\main\com\nm\compliance\IronPortsPublisherApplication.class]]
09:46:28.268 [Test worker] DEBUG org.springframework.context.annotation.ClassPathScanningCandidateComponentProvider - Identified candidate component class: file [C:\nmldev\LC_Filter\cig-batch-publisher\build\classes\main\com\nm\compliance\IronPortsPublisherApplication.class]
09:46:28.278 [Test worker] INFO org.springframework.boot.test.context.SpringBootTestContextBootstrapper - Found @SpringBootConfiguration com.nm.compliance.IronPortsPublisherApplication for test class com.nm.compliance.IronPortsPublisherApplicationTests
09:46:28.285 [Test worker] DEBUG org.springframework.boot.test.context.SpringBootTestContextBootstrapper - @TestExecutionListeners is not present for class [com.nm.compliance.IronPortsPublisherApplicationTests]: using defaults.
09:46:28.298 [Test worker] INFO org.springframework.boot.test.context.SpringBootTestContextBootstrapper - Loaded default TestExecutionListener class names from location [META-INF/spring.factories]: [org.springframework.boot.test.mock.mockito.MockitoTestExecutionListener, org.springframework.boot.test.mock.mockito.ResetMocksTestExecutionListener, org.springframework.boot.test.autoconfigure.restdocs.RestDocsTestExecutionListener, org.springframework.boot.test.autoconfigure.web.client.MockRestServiceServerResetTestExecutionListener, org.springframework.boot.test.autoconfigure.web.servlet.MockMvcPrintOnlyOnFailureTestExecutionListener, org.springframework.boot.test.autoconfigure.web.servlet.WebDriverTestExecutionListener, org.springframework.test.context.web.ServletTestExecutionListener, org.springframework.test.context.support.DirtiesContextBeforeModesTestExecutionListener, org.springframework.test.context.support.DependencyInjectionTestExecutionListener, org.springframework.test.context.support.DirtiesContextTestExecutionListener, org.springframework.test.context.transaction.TransactionalTestExecutionListener, org.springframework.test.context.jdbc.SqlScriptsTestExecutionListener]
09:46:28.353 [Test worker] INFO org.springframework.boot.test.context.SpringBootTestContextBootstrapper - Could not instantiate TestExecutionListener [org.springframework.test.context.web.ServletTestExecutionListener]. Specify custom listener classes or make the default listener classes (and their required dependencies) available. Offending class: [javax/servlet/ServletContext]
09:46:28.368 [Test worker] INFO org.springframework.boot.test.context.SpringBootTestContextBootstrapper - Using TestExecutionListeners: [org.springframework.test.context.support.DirtiesContextBeforeModesTestExecutionListener@4e57c72c, org.springframework.boot.test.autoconfigure.SpringBootDependencyInjectionTestExecutionListener@14f73e27, org.springframework.test.context.support.DirtiesContextTestExecutionListener@4b93a4bc, org.springframework.test.context.transaction.TransactionalTestExecutionListener@29aa056c, org.springframework.test.context.jdbc.SqlScriptsTestExecutionListener@5934c9d2, org.springframework.boot.test.autoconfigure.web.servlet.MockMvcPrintOnlyOnFailureTestExecutionListener@749fd2d5, org.springframework.boot.test.mock.mockito.ResetMocksTestExecutionListener@22ff2ebe, org.springframework.boot.test.autoconfigure.web.servlet.WebDriverTestExecutionListener@5b07dee8, org.springframework.boot.test.mock.mockito.MockitoTestExecutionListener@2402e603, org.springframework.boot.test.autoconfigure.web.client.MockRestServiceServerResetTestExecutionListener@2e81812c, org.springframework.boot.test.autoconfigure.restdocs.RestDocsTestExecutionListener@7550d09c]
09:46:28.375 [Test worker] DEBUG org.springframework.test.annotation.ProfileValueUtils - Retrieved @ProfileValueSourceConfiguration [null] for test class [com.nm.compliance.IronPortsPublisherApplicationTests]
09:46:28.377 [Test worker] DEBUG org.springframework.test.annotation.ProfileValueUtils - Retrieved ProfileValueSource type [class org.springframework.test.annotation.SystemProfileValueSource] for class [com.nm.compliance.IronPortsPublisherApplicationTests]
09:46:28.380 [Test worker] DEBUG org.springframework.test.annotation.ProfileValueUtils - Retrieved @ProfileValueSourceConfiguration [null] for test class [com.nm.compliance.IronPortsPublisherApplicationTests]
09:46:28.380 [Test worker] DEBUG org.springframework.test.annotation.ProfileValueUtils - Retrieved ProfileValueSource type [class org.springframework.test.annotation.SystemProfileValueSource] for class [com.nm.compliance.IronPortsPublisherApplicationTests]
09:46:28.389 [Test worker] DEBUG org.springframework.test.context.support.AbstractDirtiesContextTestExecutionListener - Before test class: context [DefaultTestContext@53d9249e testClass = IronPortsPublisherApplicationTests, testInstance = [null], testMethod = [null], testException = [null], mergedContextConfiguration = [MergedContextConfiguration@289ad7dd testClass = IronPortsPublisherApplicationTests, locations = '{}', classes = '{class com.nm.compliance.IronPortsPublisherApplication}', contextInitializerClasses = '[]', activeProfiles = '{}', propertySourceLocations = '{}', propertySourceProperties = '{org.springframework.boot.test.context.SpringBootTestContextBootstrapper=true}', contextCustomizers = set[org.springframework.boot.test.context.SpringBootTestContextCustomizer@5c98e8f, org.springframework.boot.test.context.filter.ExcludeFilterContextCustomizer@7db4d22c, org.springframework.boot.test.mock.mockito.MockitoContextCustomizer@0, org.springframework.boot.test.autoconfigure.properties.PropertyMappingContextCustomizer@0, org.springframework.boot.test.autoconfigure.web.servlet.WebDriverContextCustomizerFactory$Customizer@766ee7df], contextLoader = 'org.springframework.boot.test.context.SpringBootContextLoader', parent = [null]]], class annotated with @DirtiesContext [false] with mode [null].
09:46:28.390 [Test worker] DEBUG org.springframework.test.annotation.ProfileValueUtils - Retrieved @ProfileValueSourceConfiguration [null] for test class [com.nm.compliance.IronPortsPublisherApplicationTests]
09:46:28.390 [Test worker] DEBUG org.springframework.test.annotation.ProfileValueUtils - Retrieved ProfileValueSource type [class org.springframework.test.annotation.SystemProfileValueSource] for class [com.nm.compliance.IronPortsPublisherApplicationTests]
09:46:28.392 [Test worker] DEBUG org.springframework.test.context.support.DependencyInjectionTestExecutionListener - Performing dependency injection for test context [[DefaultTestContext@53d9249e testClass = IronPortsPublisherApplicationTests, testInstance = com.nm.compliance.IronPortsPublisherApplicationTests@7f4fa5cb, testMethod = [null], testException = [null], mergedContextConfiguration = [MergedContextConfiguration@289ad7dd testClass = IronPortsPublisherApplicationTests, locations = '{}', classes = '{class com.nm.compliance.IronPortsPublisherApplication}', contextInitializerClasses = '[]', activeProfiles = '{}', propertySourceLocations = '{}', propertySourceProperties = '{org.springframework.boot.test.context.SpringBootTestContextBootstrapper=true}', contextCustomizers = set[org.springframework.boot.test.context.SpringBootTestContextCustomizer@5c98e8f, org.springframework.boot.test.context.filter.ExcludeFilterContextCustomizer@7db4d22c, org.springframework.boot.test.mock.mockito.MockitoContextCustomizer@0, org.springframework.boot.test.autoconfigure.properties.PropertyMappingContextCustomizer@0, org.springframework.boot.test.autoconfigure.web.servlet.WebDriverContextCustomizerFactory$Customizer@766ee7df], contextLoader = 'org.springframework.boot.test.context.SpringBootContextLoader', parent = [null]]]].
09:46:28.458 [Test worker] DEBUG org.springframework.core.env.StandardEnvironment - Adding [systemProperties] PropertySource with lowest search precedence
09:46:28.459 [Test worker] DEBUG org.springframework.core.env.StandardEnvironment - Adding [systemEnvironment] PropertySource with lowest search precedence
09:46:28.460 [Test worker] DEBUG org.springframework.core.env.StandardEnvironment - Initialized StandardEnvironment with PropertySources [systemProperties,systemEnvironment]
09:46:28.462 [Test worker] DEBUG org.springframework.test.context.support.TestPropertySourceUtils - Adding inlined properties to environment: {spring.jmx.enabled=false, org.springframework.boot.test.context.SpringBootTestContextBootstrapper=true, server.port=-1}
09:46:28.462 [Test worker] DEBUG org.springframework.core.env.StandardEnvironment - Adding [Inlined Test Properties] PropertySource with highest search precedence

  .   ____          _            __ _ _
 /\\ / ___'_ __ _ _(_)_ __  __ _ \ \ \ \
( ( )\___ | '_ | '_| | '_ \/ _` | \ \ \ \
 \\/  ___)| |_)| | | | | || (_| |  ) ) ) )
  '  |____| .__|_| |_|_| |_\__, | / / / /
 =========|_|==============|___/=/_/_/_/
 :: Spring Boot ::        (v1.4.1.RELEASE)

2017-10-26 09:46:29.035  INFO 43048 --- [    Test worker] c.n.c.IronPortsPublisherApplicationTests : Starting IronPortsPublisherApplicationTests on S250114 with PID 43048 (started by mac8178 in C:\nmldev\LC_Filter\cig-batch-publisher)
2017-10-26 09:46:29.037  INFO 43048 --- [    Test worker] c.n.c.IronPortsPublisherApplicationTests : No active profile set, falling back to default profiles: default
2017-10-26 09:46:29.076  INFO 43048 --- [    Test worker] s.c.a.AnnotationConfigApplicationContext : Refreshing org.springframework.context.annotation.AnnotationConfigApplicationContext@149e5f1c: startup date [Thu Oct 26 09:46:29 CDT 2017]; root of context hierarchy
2017-10-26 09:46:30.398  WARN 43048 --- [    Test worker] o.s.c.a.ConfigurationClassEnhancer       : @Bean method ScopeConfiguration.stepScope is non-static and returns an object assignable to Spring's BeanFactoryPostProcessor interface. This will result in a failure to process annotations such as @Autowired, @Resource and @PostConstruct within the method's declaring @Configuration class. Add the 'static' modifier to this method to avoid these container lifecycle issues; see @Bean javadoc for complete details.
2017-10-26 09:46:30.418  WARN 43048 --- [    Test worker] o.s.c.a.ConfigurationClassEnhancer       : @Bean method ScopeConfiguration.jobScope is non-static and returns an object assignable to Spring's BeanFactoryPostProcessor interface. This will result in a failure to process annotations such as @Autowired, @Resource and @PostConstruct within the method's declaring @Configuration class. Add the 'static' modifier to this method to avoid these container lifecycle issues; see @Bean javadoc for complete details.
Initializing reader:
2017-10-26 09:46:32.566  INFO 43048 --- [    Test worker] o.s.jdbc.datasource.init.ScriptUtils     : Executing SQL script from class path resource [org/springframework/batch/core/schema-sqlserver.sql]
2017-10-26 09:46:32.613  INFO 43048 --- [    Test worker] o.s.jdbc.datasource.init.ScriptUtils     : Executed SQL script from class path resource [org/springframework/batch/core/schema-sqlserver.sql] in 46 ms.
2017-10-26 09:46:32.926  INFO 43048 --- [    Test worker] o.s.b.a.b.JobLauncherCommandLineRunner   : Running default command line with: []
2017-10-26 09:46:32.943  INFO 43048 --- [    Test worker] o.s.b.c.r.s.JobRepositoryFactoryBean     : No database type set, using meta data indicating: SQLSERVER
2017-10-26 09:46:33.207  INFO 43048 --- [    Test worker] o.s.b.c.l.support.SimpleJobLauncher      : No TaskExecutor has been set, defaulting to synchronous executor.
2017-10-26 09:46:33.462  INFO 43048 --- [    Test worker] o.s.b.c.l.support.SimpleJobLauncher      : Job: [FlowJob: [name=processMessages 2017-10-26 09:46:31]] launched with the following parameters: [{run.id=1}]
*******************READING LDIF FILE***********
*******************JOB BEGINS***********
2017-10-26 09:46:36.068  INFO 43048 --- [    Test worker] o.s.batch.core.job.SimpleStepHandler     : Executing step: [step1]
Reading for Thread Name: Claim Form
The Total Number of Processed Rows per Thread Name: 42
No HO users found for Claim Form
Reading for Thread Name: Claims Checklist
The Total Number of Processed Rows per Thread Name: 50
No HO users found for Claims Checklist
Reading for Thread Name: Final Thoughts
The Total Number of Processed Rows per Thread Name: 22
No HO users found for Final Thoughts
Reading for Thread Name: How does this work?
The Total Number of Processed Rows per Thread Name: 13
No HO users found for How does this work?
Reading for Thread Name: Initial Claim Letter
The Total Number of Processed Rows per Thread Name: 48
No HO users found for Initial Claim Letter
Reading for Thread Name: Let's get started!
The Total Number of Processed Rows per Thread Name: 3
No HO users found for Let's get started!
Reading for Thread Name: NMIS Wire Transfer Request
The Total Number of Processed Rows per Thread Name: 17
No HO users found for NMIS Wire Transfer Request
Reading for Thread Name: Settlement and Tax Information
The Total Number of Processed Rows per Thread Name: 78
No HO users found for Settlement and Tax Information
Reading for Thread Name: Thank You
The Total Number of Processed Rows per Thread Name: 13
No HO users found for Thank You
Reading for Thread Name: Welcome!
The Total Number of Processed Rows per Thread Name: 18
Reading for Thread Name: Wire Transfer Form
The Total Number of Processed Rows per Thread Name: 24
No HO users found for Wire Transfer Form
*******************JOB ENDS***********
2017-10-26 09:46:39.927  INFO 43048 --- [    Test worker] o.s.b.c.l.support.SimpleJobLauncher      : Job: [FlowJob: [name=processMessages 2017-10-26 09:46:31]] completed with the following parameters: [{run.id=1}] and the following status: [COMPLETED]
2017-10-26 09:46:39.930  INFO 43048 --- [    Test worker] c.n.c.IronPortsPublisherApplicationTests : Started IronPortsPublisherApplicationTests in 11.465 seconds (JVM running for 14.221)
]]></system-out>
  <system-err><![CDATA[]]></system-err>
</testsuite>
