<?xml version="1.0" encoding="UTF-8"?>
<testsuite name="com.nm.cig.CigSpringbootReaderconverterApplicationTests" tests="1" skipped="0" failures="0" errors="0" timestamp="2017-10-26T14:45:31" hostname="S250114" time="0.062">
  <properties/>
  <testcase name="contextLoads" classname="com.nm.cig.CigSpringbootReaderconverterApplicationTests" time="0.062"/>
  <system-out><![CDATA[2017-10-26 09:45:23.567  INFO   --- [    Test worker] .b.t.c.SpringBootTestContextBootstrapper : Neither @ContextConfiguration nor @ContextHierarchy found for test class [com.nm.cig.CigSpringbootReaderconverterApplicationTests], using SpringBootContextLoader
2017-10-26 09:45:23.578  INFO   --- [    Test worker] o.s.t.c.support.AbstractContextLoader    : Could not detect default resource locations for test class [com.nm.cig.CigSpringbootReaderconverterApplicationTests]: no resource found for suffixes {-context.xml, Context.groovy}.
2017-10-26 09:45:23.579  INFO   --- [    Test worker] t.c.s.AnnotationConfigContextLoaderUtils : Could not detect default configuration classes for test class [com.nm.cig.CigSpringbootReaderconverterApplicationTests]: CigSpringbootReaderconverterApplicationTests does not declare any static, non-private, non-final, nested classes annotated with @Configuration.
2017-10-26 09:45:23.859  INFO   --- [    Test worker] .b.t.c.SpringBootTestContextBootstrapper : Found @SpringBootConfiguration com.nm.cig.CigSpringbootReaderconverterApplication for test class com.nm.cig.CigSpringbootReaderconverterApplicationTests
2017-10-26 09:45:23.872  INFO   --- [    Test worker] .b.t.c.SpringBootTestContextBootstrapper : Loaded default TestExecutionListener class names from location [META-INF/spring.factories]: [org.springframework.boot.test.mock.mockito.MockitoTestExecutionListener, org.springframework.boot.test.mock.mockito.ResetMocksTestExecutionListener, org.springframework.boot.test.autoconfigure.restdocs.RestDocsTestExecutionListener, org.springframework.boot.test.autoconfigure.web.client.MockRestServiceServerResetTestExecutionListener, org.springframework.boot.test.autoconfigure.web.servlet.MockMvcPrintOnlyOnFailureTestExecutionListener, org.springframework.boot.test.autoconfigure.web.servlet.WebDriverTestExecutionListener, org.springframework.test.context.web.ServletTestExecutionListener, org.springframework.test.context.support.DirtiesContextBeforeModesTestExecutionListener, org.springframework.test.context.support.DependencyInjectionTestExecutionListener, org.springframework.test.context.support.DirtiesContextTestExecutionListener, org.springframework.test.context.transaction.TransactionalTestExecutionListener, org.springframework.test.context.jdbc.SqlScriptsTestExecutionListener]
2017-10-26 09:45:23.924  INFO   --- [    Test worker] .b.t.c.SpringBootTestContextBootstrapper : Could not instantiate TestExecutionListener [org.springframework.test.context.web.ServletTestExecutionListener]. Specify custom listener classes or make the default listener classes (and their required dependencies) available. Offending class: [javax/servlet/ServletContext]
2017-10-26 09:45:23.927  INFO   --- [    Test worker] .b.t.c.SpringBootTestContextBootstrapper : Using TestExecutionListeners: [org.springframework.test.context.support.DirtiesContextBeforeModesTestExecutionListener@58cb57d4, org.springframework.boot.test.autoconfigure.SpringBootDependencyInjectionTestExecutionListener@4f301fe9, org.springframework.test.context.support.DirtiesContextTestExecutionListener@22d7d1ca, org.springframework.test.context.transaction.TransactionalTestExecutionListener@4138b361, org.springframework.test.context.jdbc.SqlScriptsTestExecutionListener@43cf3965, org.springframework.boot.test.autoconfigure.web.servlet.WebDriverTestExecutionListener@ccfb9a2, org.springframework.boot.test.autoconfigure.web.servlet.MockMvcPrintOnlyOnFailureTestExecutionListener@108a6070, org.springframework.boot.test.mock.mockito.ResetMocksTestExecutionListener@14ad7abb, org.springframework.boot.test.autoconfigure.restdocs.RestDocsTestExecutionListener@2e137d5a, org.springframework.boot.test.mock.mockito.MockitoTestExecutionListener@5f60d393, org.springframework.boot.test.autoconfigure.web.client.MockRestServiceServerResetTestExecutionListener@1caab1ef]

  .   ____          _            __ _ _
 /\\ / ___'_ __ _ _(_)_ __  __ _ \ \ \ \
( ( )\___ | '_ | '_| | '_ \/ _` | \ \ \ \
 \\/  ___)| |_)| | | | | || (_| |  ) ) ) )
  '  |____| .__|_| |_|_| |_\__, | / / / /
 =========|_|==============|___/=/_/_/_/
 :: Spring Boot ::        (v1.4.1.RELEASE)

2017-10-26 09:45:24.829  INFO 30272 --- [    Test worker] pringbootReaderconverterApplicationTests : Starting CigSpringbootReaderconverterApplicationTests on S250114 with PID 30272 (started by mac8178 in C:\nmldev\LC_Filter\cig-springboot-readerconverter)
2017-10-26 09:45:24.830 DEBUG 30272 --- [    Test worker] pringbootReaderconverterApplicationTests : Running with Spring Boot v1.4.1.RELEASE, Spring v4.3.3.RELEASE
2017-10-26 09:45:24.830  INFO 30272 --- [    Test worker] pringbootReaderconverterApplicationTests : No active profile set, falling back to default profiles: default
2017-10-26 09:45:24.867  INFO 30272 --- [    Test worker] s.c.a.AnnotationConfigApplicationContext : Refreshing org.springframework.context.annotation.AnnotationConfigApplicationContext@5d7f1c83: startup date [Thu Oct 26 09:45:24 CDT 2017]; root of context hierarchy
2017-10-26 09:45:26.293  WARN 30272 --- [    Test worker] o.m.s.mapper.ClassPathMapperScanner      : No MyBatis mapper was found in '[com.nm.cig]' package. Please check your configuration.
2017-10-26 09:45:26.714  WARN 30272 --- [    Test worker] o.s.c.a.ConfigurationClassEnhancer       : @Bean method ScopeConfiguration.stepScope is non-static and returns an object assignable to Spring's BeanFactoryPostProcessor interface. This will result in a failure to process annotations such as @Autowired, @Resource and @PostConstruct within the method's declaring @Configuration class. Add the 'static' modifier to this method to avoid these container lifecycle issues; see @Bean javadoc for complete details.
2017-10-26 09:45:26.734  WARN 30272 --- [    Test worker] o.s.c.a.ConfigurationClassEnhancer       : @Bean method ScopeConfiguration.jobScope is non-static and returns an object assignable to Spring's BeanFactoryPostProcessor interface. This will result in a failure to process annotations such as @Autowired, @Resource and @PostConstruct within the method's declaring @Configuration class. Add the 'static' modifier to this method to avoid these container lifecycle issues; see @Bean javadoc for complete details.
2017-10-26 09:45:29.775  INFO 30272 --- [    Test worker] o.s.jdbc.datasource.init.ScriptUtils     : Executing SQL script from class path resource [org/springframework/batch/core/schema-sqlserver.sql]
2017-10-26 09:45:29.842  INFO 30272 --- [    Test worker] o.s.jdbc.datasource.init.ScriptUtils     : Executed SQL script from class path resource [org/springframework/batch/core/schema-sqlserver.sql] in 67 ms.
2017-10-26 09:45:30.109  INFO 30272 --- [    Test worker] o.s.b.a.b.JobLauncherCommandLineRunner   : Running default command line with: []
2017-10-26 09:45:30.129  INFO 30272 --- [    Test worker] o.s.b.c.r.s.JobRepositoryFactoryBean     : No database type set, using meta data indicating: SQLSERVER
2017-10-26 09:45:30.444  INFO 30272 --- [    Test worker] o.s.b.c.l.support.SimpleJobLauncher      : No TaskExecutor has been set, defaulting to synchronous executor.
2017-10-26 09:45:30.786  INFO 30272 --- [    Test worker] o.s.b.c.l.support.SimpleJobLauncher      : Job: [SimpleJob: [name=job 2017-10-26 09:45:27]] launched with the following parameters: [{}]
2017-10-26 09:45:30.955  INFO 30272 --- [    Test worker] o.s.batch.core.job.SimpleStepHandler     : Executing step: [step1]
org.springframework.batch.item.file.FlatFileItemReader@a37d9f6
Reader Converter Finished!
2017-10-26 09:45:31.698  INFO 30272 --- [    Test worker] o.s.b.c.l.support.SimpleJobLauncher      : Job: [SimpleJob: [name=job 2017-10-26 09:45:27]] completed with the following parameters: [{}] and the following status: [COMPLETED]
2017-10-26 09:45:31.700  INFO 30272 --- [    Test worker] pringbootReaderconverterApplicationTests : Started CigSpringbootReaderconverterApplicationTests in 7.714 seconds (JVM running for 10.395)
]]></system-out>
  <system-err><![CDATA[]]></system-err>
</testsuite>
