<?xml version="1.0" encoding="UTF-8"?>
<testsuite name="com.nm.compliance.IronPortsPublisherApplicationTests" tests="1" skipped="0" failures="0" errors="0" timestamp="2017-10-26T14:22:58" hostname="S250114" time="0.11">
  <properties/>
  <testcase name="contextLoads" classname="com.nm.compliance.IronPortsPublisherApplicationTests" time="0.11"/>
  <system-out><![CDATA[09:22:46.657 [Test worker] DEBUG org.springframework.test.context.junit4.SpringJUnit4ClassRunner - SpringJUnit4ClassRunner constructor called with [class com.nm.compliance.IronPortsPublisherApplicationTests]
09:22:46.665 [Test worker] DEBUG org.springframework.test.context.BootstrapUtils - Instantiating CacheAwareContextLoaderDelegate from class [org.springframework.test.context.cache.DefaultCacheAwareContextLoaderDelegate]
09:22:46.692 [Test worker] DEBUG org.springframework.test.context.BootstrapUtils - Instantiating BootstrapContext using constructor [public org.springframework.test.context.support.DefaultBootstrapContext(java.lang.Class,org.springframework.test.context.CacheAwareContextLoaderDelegate)]
09:22:46.709 [Test worker] DEBUG org.springframework.test.context.BootstrapUtils - Instantiating TestContextBootstrapper for test class [com.nm.compliance.IronPortsPublisherApplicationTests] from class [org.springframework.boot.test.context.SpringBootTestContextBootstrapper]
09:22:46.740 [Test worker] INFO org.springframework.boot.test.context.SpringBootTestContextBootstrapper - Neither @ContextConfiguration nor @ContextHierarchy found for test class [com.nm.compliance.IronPortsPublisherApplicationTests], using SpringBootContextLoader
09:22:46.746 [Test worker] DEBUG org.springframework.test.context.support.AbstractContextLoader - Did not detect default resource location for test class [com.nm.compliance.IronPortsPublisherApplicationTests]: class path resource [com/nm/compliance/IronPortsPublisherApplicationTests-context.xml] does not exist
09:22:46.746 [Test worker] DEBUG org.springframework.test.context.support.AbstractContextLoader - Did not detect default resource location for test class [com.nm.compliance.IronPortsPublisherApplicationTests]: class path resource [com/nm/compliance/IronPortsPublisherApplicationTestsContext.groovy] does not exist
09:22:46.747 [Test worker] INFO org.springframework.test.context.support.AbstractContextLoader - Could not detect default resource locations for test class [com.nm.compliance.IronPortsPublisherApplicationTests]: no resource found for suffixes {-context.xml, Context.groovy}.
09:22:46.748 [Test worker] INFO org.springframework.test.context.support.AnnotationConfigContextLoaderUtils - Could not detect default configuration classes for test class [com.nm.compliance.IronPortsPublisherApplicationTests]: IronPortsPublisherApplicationTests does not declare any static, non-private, non-final, nested classes annotated with @Configuration.
09:22:46.825 [Test worker] DEBUG org.springframework.test.context.support.ActiveProfilesUtils - Could not find an 'annotation declaring class' for annotation type [org.springframework.test.context.ActiveProfiles] and class [com.nm.compliance.IronPortsPublisherApplicationTests]
09:22:46.903 [Test worker] DEBUG org.springframework.core.env.StandardEnvironment - Adding [systemProperties] PropertySource with lowest search precedence
09:22:46.903 [Test worker] DEBUG org.springframework.core.env.StandardEnvironment - Adding [systemEnvironment] PropertySource with lowest search precedence
09:22:46.904 [Test worker] DEBUG org.springframework.core.env.StandardEnvironment - Initialized StandardEnvironment with PropertySources [systemProperties,systemEnvironment]
09:22:46.931 [Test worker] DEBUG org.springframework.core.io.support.PathMatchingResourcePatternResolver - Resolved classpath location [com/nm/compliance/] to resources [URL [file:/C:/nmldev/LiveChat_Filter/cig-batch-publisher/build/classes/test/com/nm/compliance/], URL [file:/C:/nmldev/LiveChat_Filter/cig-batch-publisher/build/classes/main/com/nm/compliance/]]
09:22:46.931 [Test worker] DEBUG org.springframework.core.io.support.PathMatchingResourcePatternResolver - Looking for matching resources in directory tree [C:\nmldev\LiveChat_Filter\cig-batch-publisher\build\classes\test\com\nm\compliance]
09:22:46.932 [Test worker] DEBUG org.springframework.core.io.support.PathMatchingResourcePatternResolver - Searching directory [C:\nmldev\LiveChat_Filter\cig-batch-publisher\build\classes\test\com\nm\compliance] for files matching pattern [C:/nmldev/LiveChat_Filter/cig-batch-publisher/build/classes/test/com/nm/compliance/*.class]
09:22:46.941 [Test worker] DEBUG org.springframework.core.io.support.PathMatchingResourcePatternResolver - Looking for matching resources in directory tree [C:\nmldev\LiveChat_Filter\cig-batch-publisher\build\classes\main\com\nm\compliance]
09:22:46.942 [Test worker] DEBUG org.springframework.core.io.support.PathMatchingResourcePatternResolver - Searching directory [C:\nmldev\LiveChat_Filter\cig-batch-publisher\build\classes\main\com\nm\compliance] for files matching pattern [C:/nmldev/LiveChat_Filter/cig-batch-publisher/build/classes/main/com/nm/compliance/*.class]
09:22:46.949 [Test worker] DEBUG org.springframework.core.io.support.PathMatchingResourcePatternResolver - Resolved location pattern [classpath*:com/nm/compliance/*.class] to resources [file [C:\nmldev\LiveChat_Filter\cig-batch-publisher\build\classes\test\com\nm\compliance\IronPortsPublisherApplicationTests.class], file [C:\nmldev\LiveChat_Filter\cig-batch-publisher\build\classes\main\com\nm\compliance\IronPortsPublisherApplication.class]]
09:22:47.039 [Test worker] DEBUG org.springframework.context.annotation.ClassPathScanningCandidateComponentProvider - Identified candidate component class: file [C:\nmldev\LiveChat_Filter\cig-batch-publisher\build\classes\main\com\nm\compliance\IronPortsPublisherApplication.class]
09:22:47.045 [Test worker] INFO org.springframework.boot.test.context.SpringBootTestContextBootstrapper - Found @SpringBootConfiguration com.nm.compliance.IronPortsPublisherApplication for test class com.nm.compliance.IronPortsPublisherApplicationTests
09:22:47.048 [Test worker] DEBUG org.springframework.boot.test.context.SpringBootTestContextBootstrapper - @TestExecutionListeners is not present for class [com.nm.compliance.IronPortsPublisherApplicationTests]: using defaults.
09:22:47.057 [Test worker] INFO org.springframework.boot.test.context.SpringBootTestContextBootstrapper - Loaded default TestExecutionListener class names from location [META-INF/spring.factories]: [org.springframework.boot.test.mock.mockito.MockitoTestExecutionListener, org.springframework.boot.test.mock.mockito.ResetMocksTestExecutionListener, org.springframework.boot.test.autoconfigure.restdocs.RestDocsTestExecutionListener, org.springframework.boot.test.autoconfigure.web.client.MockRestServiceServerResetTestExecutionListener, org.springframework.boot.test.autoconfigure.web.servlet.MockMvcPrintOnlyOnFailureTestExecutionListener, org.springframework.boot.test.autoconfigure.web.servlet.WebDriverTestExecutionListener, org.springframework.test.context.web.ServletTestExecutionListener, org.springframework.test.context.support.DirtiesContextBeforeModesTestExecutionListener, org.springframework.test.context.support.DependencyInjectionTestExecutionListener, org.springframework.test.context.support.DirtiesContextTestExecutionListener, org.springframework.test.context.transaction.TransactionalTestExecutionListener, org.springframework.test.context.jdbc.SqlScriptsTestExecutionListener]
09:22:47.095 [Test worker] INFO org.springframework.boot.test.context.SpringBootTestContextBootstrapper - Could not instantiate TestExecutionListener [org.springframework.test.context.web.ServletTestExecutionListener]. Specify custom listener classes or make the default listener classes (and their required dependencies) available. Offending class: [javax/servlet/ServletContext]
09:22:47.107 [Test worker] INFO org.springframework.boot.test.context.SpringBootTestContextBootstrapper - Using TestExecutionListeners: [org.springframework.test.context.support.DirtiesContextBeforeModesTestExecutionListener@4e57c72c, org.springframework.boot.test.autoconfigure.SpringBootDependencyInjectionTestExecutionListener@14f73e27, org.springframework.test.context.support.DirtiesContextTestExecutionListener@4b93a4bc, org.springframework.test.context.transaction.TransactionalTestExecutionListener@29aa056c, org.springframework.test.context.jdbc.SqlScriptsTestExecutionListener@5934c9d2, org.springframework.boot.test.autoconfigure.web.servlet.MockMvcPrintOnlyOnFailureTestExecutionListener@749fd2d5, org.springframework.boot.test.mock.mockito.ResetMocksTestExecutionListener@22ff2ebe, org.springframework.boot.test.autoconfigure.web.servlet.WebDriverTestExecutionListener@5b07dee8, org.springframework.boot.test.mock.mockito.MockitoTestExecutionListener@2402e603, org.springframework.boot.test.autoconfigure.web.client.MockRestServiceServerResetTestExecutionListener@2e81812c, org.springframework.boot.test.autoconfigure.restdocs.RestDocsTestExecutionListener@7550d09c]
09:22:47.112 [Test worker] DEBUG org.springframework.test.annotation.ProfileValueUtils - Retrieved @ProfileValueSourceConfiguration [null] for test class [com.nm.compliance.IronPortsPublisherApplicationTests]
09:22:47.113 [Test worker] DEBUG org.springframework.test.annotation.ProfileValueUtils - Retrieved ProfileValueSource type [class org.springframework.test.annotation.SystemProfileValueSource] for class [com.nm.compliance.IronPortsPublisherApplicationTests]
09:22:47.115 [Test worker] DEBUG org.springframework.test.annotation.ProfileValueUtils - Retrieved @ProfileValueSourceConfiguration [null] for test class [com.nm.compliance.IronPortsPublisherApplicationTests]
09:22:47.115 [Test worker] DEBUG org.springframework.test.annotation.ProfileValueUtils - Retrieved ProfileValueSource type [class org.springframework.test.annotation.SystemProfileValueSource] for class [com.nm.compliance.IronPortsPublisherApplicationTests]
09:22:47.123 [Test worker] DEBUG org.springframework.test.context.support.AbstractDirtiesContextTestExecutionListener - Before test class: context [DefaultTestContext@53d9249e testClass = IronPortsPublisherApplicationTests, testInstance = [null], testMethod = [null], testException = [null], mergedContextConfiguration = [MergedContextConfiguration@289ad7dd testClass = IronPortsPublisherApplicationTests, locations = '{}', classes = '{class com.nm.compliance.IronPortsPublisherApplication}', contextInitializerClasses = '[]', activeProfiles = '{}', propertySourceLocations = '{}', propertySourceProperties = '{org.springframework.boot.test.context.SpringBootTestContextBootstrapper=true}', contextCustomizers = set[org.springframework.boot.test.context.SpringBootTestContextCustomizer@5c98e8f, org.springframework.boot.test.context.filter.ExcludeFilterContextCustomizer@7db4d22c, org.springframework.boot.test.mock.mockito.MockitoContextCustomizer@0, org.springframework.boot.test.autoconfigure.properties.PropertyMappingContextCustomizer@0, org.springframework.boot.test.autoconfigure.web.servlet.WebDriverContextCustomizerFactory$Customizer@766ee7df], contextLoader = 'org.springframework.boot.test.context.SpringBootContextLoader', parent = [null]]], class annotated with @DirtiesContext [false] with mode [null].
09:22:47.124 [Test worker] DEBUG org.springframework.test.annotation.ProfileValueUtils - Retrieved @ProfileValueSourceConfiguration [null] for test class [com.nm.compliance.IronPortsPublisherApplicationTests]
09:22:47.124 [Test worker] DEBUG org.springframework.test.annotation.ProfileValueUtils - Retrieved ProfileValueSource type [class org.springframework.test.annotation.SystemProfileValueSource] for class [com.nm.compliance.IronPortsPublisherApplicationTests]
09:22:47.127 [Test worker] DEBUG org.springframework.test.context.support.DependencyInjectionTestExecutionListener - Performing dependency injection for test context [[DefaultTestContext@53d9249e testClass = IronPortsPublisherApplicationTests, testInstance = com.nm.compliance.IronPortsPublisherApplicationTests@7f4fa5cb, testMethod = [null], testException = [null], mergedContextConfiguration = [MergedContextConfiguration@289ad7dd testClass = IronPortsPublisherApplicationTests, locations = '{}', classes = '{class com.nm.compliance.IronPortsPublisherApplication}', contextInitializerClasses = '[]', activeProfiles = '{}', propertySourceLocations = '{}', propertySourceProperties = '{org.springframework.boot.test.context.SpringBootTestContextBootstrapper=true}', contextCustomizers = set[org.springframework.boot.test.context.SpringBootTestContextCustomizer@5c98e8f, org.springframework.boot.test.context.filter.ExcludeFilterContextCustomizer@7db4d22c, org.springframework.boot.test.mock.mockito.MockitoContextCustomizer@0, org.springframework.boot.test.autoconfigure.properties.PropertyMappingContextCustomizer@0, org.springframework.boot.test.autoconfigure.web.servlet.WebDriverContextCustomizerFactory$Customizer@766ee7df], contextLoader = 'org.springframework.boot.test.context.SpringBootContextLoader', parent = [null]]]].
09:22:47.188 [Test worker] DEBUG org.springframework.core.env.StandardEnvironment - Adding [systemProperties] PropertySource with lowest search precedence
09:22:47.188 [Test worker] DEBUG org.springframework.core.env.StandardEnvironment - Adding [systemEnvironment] PropertySource with lowest search precedence
09:22:47.188 [Test worker] DEBUG org.springframework.core.env.StandardEnvironment - Initialized StandardEnvironment with PropertySources [systemProperties,systemEnvironment]
09:22:47.190 [Test worker] DEBUG org.springframework.test.context.support.TestPropertySourceUtils - Adding inlined properties to environment: {spring.jmx.enabled=false, org.springframework.boot.test.context.SpringBootTestContextBootstrapper=true, server.port=-1}
09:22:47.191 [Test worker] DEBUG org.springframework.core.env.StandardEnvironment - Adding [Inlined Test Properties] PropertySource with highest search precedence

  .   ____          _            __ _ _
 /\\ / ___'_ __ _ _(_)_ __  __ _ \ \ \ \
( ( )\___ | '_ | '_| | '_ \/ _` | \ \ \ \
 \\/  ___)| |_)| | | | | || (_| |  ) ) ) )
  '  |____| .__|_| |_|_| |_\__, | / / / /
 =========|_|==============|___/=/_/_/_/
 :: Spring Boot ::        (v1.4.1.RELEASE)

2017-10-26 09:22:47.860  INFO 15276 --- [    Test worker] c.n.c.IronPortsPublisherApplicationTests : Starting IronPortsPublisherApplicationTests on S250114 with PID 15276 (started by mac8178 in C:\nmldev\LiveChat_Filter\cig-batch-publisher)
2017-10-26 09:22:47.861  INFO 15276 --- [    Test worker] c.n.c.IronPortsPublisherApplicationTests : No active profile set, falling back to default profiles: default
2017-10-26 09:22:47.901  INFO 15276 --- [    Test worker] s.c.a.AnnotationConfigApplicationContext : Refreshing org.springframework.context.annotation.AnnotationConfigApplicationContext@149e5f1c: startup date [Thu Oct 26 09:22:47 CDT 2017]; root of context hierarchy
2017-10-26 09:22:49.304  WARN 15276 --- [    Test worker] o.s.c.a.ConfigurationClassEnhancer       : @Bean method ScopeConfiguration.stepScope is non-static and returns an object assignable to Spring's BeanFactoryPostProcessor interface. This will result in a failure to process annotations such as @Autowired, @Resource and @PostConstruct within the method's declaring @Configuration class. Add the 'static' modifier to this method to avoid these container lifecycle issues; see @Bean javadoc for complete details.
2017-10-26 09:22:49.324  WARN 15276 --- [    Test worker] o.s.c.a.ConfigurationClassEnhancer       : @Bean method ScopeConfiguration.jobScope is non-static and returns an object assignable to Spring's BeanFactoryPostProcessor interface. This will result in a failure to process annotations such as @Autowired, @Resource and @PostConstruct within the method's declaring @Configuration class. Add the 'static' modifier to this method to avoid these container lifecycle issues; see @Bean javadoc for complete details.
Initializing reader:
2017-10-26 09:22:51.359  INFO 15276 --- [    Test worker] o.s.jdbc.datasource.init.ScriptUtils     : Executing SQL script from class path resource [org/springframework/batch/core/schema-sqlserver.sql]
2017-10-26 09:22:51.406  INFO 15276 --- [    Test worker] o.s.jdbc.datasource.init.ScriptUtils     : Executed SQL script from class path resource [org/springframework/batch/core/schema-sqlserver.sql] in 47 ms.
2017-10-26 09:22:51.636  INFO 15276 --- [    Test worker] o.s.b.a.b.JobLauncherCommandLineRunner   : Running default command line with: []
2017-10-26 09:22:51.654  INFO 15276 --- [    Test worker] o.s.b.c.r.s.JobRepositoryFactoryBean     : No database type set, using meta data indicating: SQLSERVER
2017-10-26 09:22:51.918  INFO 15276 --- [    Test worker] o.s.b.c.l.support.SimpleJobLauncher      : No TaskExecutor has been set, defaulting to synchronous executor.
2017-10-26 09:22:52.183  INFO 15276 --- [    Test worker] o.s.b.c.l.support.SimpleJobLauncher      : Job: [FlowJob: [name=processMessages 2017-10-26 09:22:49]] launched with the following parameters: [{run.id=1}]
*******************READING LDIF FILE***********
*******************JOB BEGINS***********
2017-10-26 09:22:56.866  INFO 15276 --- [    Test worker] o.s.batch.core.job.SimpleStepHandler     : Executing step: [step1]
*******************JOB ENDS***********
2017-10-26 09:22:58.259  INFO 15276 --- [    Test worker] o.s.b.c.l.support.SimpleJobLauncher      : Job: [FlowJob: [name=processMessages 2017-10-26 09:22:49]] completed with the following parameters: [{run.id=1}] and the following status: [COMPLETED]
2017-10-26 09:22:58.265  INFO 15276 --- [    Test worker] c.n.c.IronPortsPublisherApplicationTests : Started IronPortsPublisherApplicationTests in 11.069 seconds (JVM running for 13.451)
]]></system-out>
  <system-err><![CDATA[]]></system-err>
</testsuite>
