<?xml version="1.0" encoding="UTF-8"?>
<testsuite name="com.nm.cig.CigSpringbootReaderconverterApplicationTests" tests="1" skipped="0" failures="0" errors="0" timestamp="2017-09-19T23:47:46" hostname="S250114" time="0.052">
  <properties/>
  <testcase name="contextLoads" classname="com.nm.cig.CigSpringbootReaderconverterApplicationTests" time="0.052"/>
  <system-out><![CDATA[2017-09-19 18:47:19.286  INFO   --- [    Test worker] .b.t.c.SpringBootTestContextBootstrapper : Neither @ContextConfiguration nor @ContextHierarchy found for test class [com.nm.cig.CigSpringbootReaderconverterApplicationTests], using SpringBootContextLoader
2017-09-19 18:47:19.306  INFO   --- [    Test worker] o.s.t.c.support.AbstractContextLoader    : Could not detect default resource locations for test class [com.nm.cig.CigSpringbootReaderconverterApplicationTests]: no resource found for suffixes {-context.xml, Context.groovy}.
2017-09-19 18:47:19.306  INFO   --- [    Test worker] t.c.s.AnnotationConfigContextLoaderUtils : Could not detect default configuration classes for test class [com.nm.cig.CigSpringbootReaderconverterApplicationTests]: CigSpringbootReaderconverterApplicationTests does not declare any static, non-private, non-final, nested classes annotated with @Configuration.
2017-09-19 18:47:19.824  INFO   --- [    Test worker] .b.t.c.SpringBootTestContextBootstrapper : Found @SpringBootConfiguration com.nm.cig.CigSpringbootReaderconverterApplication for test class com.nm.cig.CigSpringbootReaderconverterApplicationTests
2017-09-19 18:47:19.840  INFO   --- [    Test worker] .b.t.c.SpringBootTestContextBootstrapper : Loaded default TestExecutionListener class names from location [META-INF/spring.factories]: [org.springframework.boot.test.mock.mockito.MockitoTestExecutionListener, org.springframework.boot.test.mock.mockito.ResetMocksTestExecutionListener, org.springframework.boot.test.autoconfigure.restdocs.RestDocsTestExecutionListener, org.springframework.boot.test.autoconfigure.web.client.MockRestServiceServerResetTestExecutionListener, org.springframework.boot.test.autoconfigure.web.servlet.MockMvcPrintOnlyOnFailureTestExecutionListener, org.springframework.boot.test.autoconfigure.web.servlet.WebDriverTestExecutionListener, org.springframework.test.context.web.ServletTestExecutionListener, org.springframework.test.context.support.DirtiesContextBeforeModesTestExecutionListener, org.springframework.test.context.support.DependencyInjectionTestExecutionListener, org.springframework.test.context.support.DirtiesContextTestExecutionListener, org.springframework.test.context.transaction.TransactionalTestExecutionListener, org.springframework.test.context.jdbc.SqlScriptsTestExecutionListener]
2017-09-19 18:47:20.029  INFO   --- [    Test worker] .b.t.c.SpringBootTestContextBootstrapper : Could not instantiate TestExecutionListener [org.springframework.test.context.web.ServletTestExecutionListener]. Specify custom listener classes or make the default listener classes (and their required dependencies) available. Offending class: [javax/servlet/ServletContext]
2017-09-19 18:47:20.029  INFO   --- [    Test worker] .b.t.c.SpringBootTestContextBootstrapper : Using TestExecutionListeners: [org.springframework.test.context.support.DirtiesContextBeforeModesTestExecutionListener@7ccc1036, org.springframework.boot.test.autoconfigure.SpringBootDependencyInjectionTestExecutionListener@2edb8a97, org.springframework.test.context.support.DirtiesContextTestExecutionListener@edb35c8, org.springframework.test.context.transaction.TransactionalTestExecutionListener@52b055e7, org.springframework.test.context.jdbc.SqlScriptsTestExecutionListener@4e61a227, org.springframework.boot.test.autoconfigure.web.client.MockRestServiceServerResetTestExecutionListener@3c1c164e, org.springframework.boot.test.autoconfigure.web.servlet.WebDriverTestExecutionListener@6b3e0170, org.springframework.boot.test.autoconfigure.web.servlet.MockMvcPrintOnlyOnFailureTestExecutionListener@3b716e9d, org.springframework.boot.test.autoconfigure.restdocs.RestDocsTestExecutionListener@7842934e, org.springframework.boot.test.mock.mockito.ResetMocksTestExecutionListener@24b0446e, org.springframework.boot.test.mock.mockito.MockitoTestExecutionListener@3f9ee409]

  .   ____          _            __ _ _
 /\\ / ___'_ __ _ _(_)_ __  __ _ \ \ \ \
( ( )\___ | '_ | '_| | '_ \/ _` | \ \ \ \
 \\/  ___)| |_)| | | | | || (_| |  ) ) ) )
  '  |____| .__|_| |_|_| |_\__, | / / / /
 =========|_|==============|___/=/_/_/_/
 :: Spring Boot ::        (v1.4.1.RELEASE)

2017-09-19 18:47:21.720  INFO 128392 --- [    Test worker] pringbootReaderconverterApplicationTests : Starting CigSpringbootReaderconverterApplicationTests on S250114 with PID 128392 (started by mac8178 in C:\nmldev\cig-springboot-readerconverter)
2017-09-19 18:47:21.720 DEBUG 128392 --- [    Test worker] pringbootReaderconverterApplicationTests : Running with Spring Boot v1.4.1.RELEASE, Spring v4.3.3.RELEASE
2017-09-19 18:47:21.720  INFO 128392 --- [    Test worker] pringbootReaderconverterApplicationTests : No active profile set, falling back to default profiles: default
2017-09-19 18:47:21.776  INFO 128392 --- [    Test worker] s.c.a.AnnotationConfigApplicationContext : Refreshing org.springframework.context.annotation.AnnotationConfigApplicationContext@4c89a4f5: startup date [Tue Sep 19 18:47:21 CDT 2017]; root of context hierarchy
2017-09-19 18:47:23.911  WARN 128392 --- [    Test worker] o.m.s.mapper.ClassPathMapperScanner      : No MyBatis mapper was found in '[com.nm.cig]' package. Please check your configuration.
2017-09-19 18:47:24.290  WARN 128392 --- [    Test worker] o.s.c.a.ConfigurationClassEnhancer       : @Bean method ScopeConfiguration.stepScope is non-static and returns an object assignable to Spring's BeanFactoryPostProcessor interface. This will result in a failure to process annotations such as @Autowired, @Resource and @PostConstruct within the method's declaring @Configuration class. Add the 'static' modifier to this method to avoid these container lifecycle issues; see @Bean javadoc for complete details.
2017-09-19 18:47:24.310  WARN 128392 --- [    Test worker] o.s.c.a.ConfigurationClassEnhancer       : @Bean method ScopeConfiguration.jobScope is non-static and returns an object assignable to Spring's BeanFactoryPostProcessor interface. This will result in a failure to process annotations such as @Autowired, @Resource and @PostConstruct within the method's declaring @Configuration class. Add the 'static' modifier to this method to avoid these container lifecycle issues; see @Bean javadoc for complete details.
2017-09-19 18:47:29.438  INFO 128392 --- [    Test worker] o.s.jdbc.datasource.init.ScriptUtils     : Executing SQL script from class path resource [org/springframework/batch/core/schema-sqlserver.sql]
2017-09-19 18:47:29.833  INFO 128392 --- [    Test worker] o.s.jdbc.datasource.init.ScriptUtils     : Executed SQL script from class path resource [org/springframework/batch/core/schema-sqlserver.sql] in 395 ms.
2017-09-19 18:47:30.088  INFO 128392 --- [    Test worker] o.s.b.a.b.JobLauncherCommandLineRunner   : Running default command line with: []
2017-09-19 18:47:30.136  INFO 128392 --- [    Test worker] o.s.b.c.r.s.JobRepositoryFactoryBean     : No database type set, using meta data indicating: SQLSERVER
2017-09-19 18:47:30.684  INFO 128392 --- [    Test worker] o.s.b.c.l.support.SimpleJobLauncher      : No TaskExecutor has been set, defaulting to synchronous executor.
2017-09-19 18:47:32.102  INFO 128392 --- [    Test worker] o.s.b.c.l.support.SimpleJobLauncher      : Job: [SimpleJob: [name=job 2017-09-19 18:47:26]] launched with the following parameters: [{}]
2017-09-19 18:47:33.678  INFO 128392 --- [    Test worker] o.s.batch.core.job.SimpleStepHandler     : Executing step: [step1]
org.springframework.batch.item.file.FlatFileItemReader@72323243
2017-09-19 18:47:45.346  INFO 128392 --- [    Test worker] o.s.b.f.xml.XmlBeanDefinitionReader      : Loading XML bean definitions from class path resource [org/springframework/jdbc/support/sql-error-codes.xml]
2017-09-19 18:47:45.445  INFO 128392 --- [    Test worker] o.s.jdbc.support.SQLErrorCodesFactory    : SQLErrorCodes loaded: [DB2, Derby, H2, HSQL, Informix, MS-SQL, MySQL, Oracle, PostgreSQL, Sybase, Hana]
2017-09-19 18:47:45.525 ERROR 128392 --- [    Test worker] o.s.batch.core.step.AbstractStep         : Encountered an error executing step step1 in job job 2017-09-19 18:47:26
org.springframework.jdbc.BadSqlGrammarException: PreparedStatementCallback; bad SQL grammar [INSERT INTO dbo.FUEL_CYCLE_DISC_BOARD (CommentIdNum, ParentIDNum, CommentLevel, LastModifiedDtm, LastModifiedByNam, RowCreateDtm, RowCreatedByNam, UsernameTxt, MemberEmailAddrNam, UserTypeTxt, PostDtm, MessageTxt, Votes, AttachmentsCount, AttachmentLinks, ProcessStatusInd, StepTxt) VALUES (?, ?, ?, ?, ?, ?, ?, ?, ?, ?, ?, ?, ?, ?, ?, ?, ?)]; nested exception is java.sql.BatchUpdateException: Invalid object name 'dbo.FUEL_CYCLE_DISC_BOARD'.
	at org.springframework.jdbc.support.SQLErrorCodeSQLExceptionTranslator.doTranslate(SQLErrorCodeSQLExceptionTranslator.java:231)
	at org.springframework.jdbc.support.AbstractFallbackSQLExceptionTranslator.translate(AbstractFallbackSQLExceptionTranslator.java:73)
	at org.springframework.jdbc.core.JdbcTemplate.execute(JdbcTemplate.java:649)
	at org.springframework.jdbc.core.JdbcTemplate.execute(JdbcTemplate.java:662)
	at org.springframework.batch.item.database.JdbcBatchItemWriter.write(JdbcBatchItemWriter.java:185)
	at org.springframework.batch.core.step.item.SimpleChunkProcessor.writeItems(SimpleChunkProcessor.java:175)
	at org.springframework.batch.core.step.item.SimpleChunkProcessor.doWrite(SimpleChunkProcessor.java:151)
	at org.springframework.batch.core.step.item.SimpleChunkProcessor.write(SimpleChunkProcessor.java:274)
	at org.springframework.batch.core.step.item.SimpleChunkProcessor.process(SimpleChunkProcessor.java:199)
	at org.springframework.batch.core.step.item.ChunkOrientedTasklet.execute(ChunkOrientedTasklet.java:75)
	at org.springframework.batch.core.step.tasklet.TaskletStep$ChunkTransactionCallback.doInTransaction(TaskletStep.java:406)
	at org.springframework.batch.core.step.tasklet.TaskletStep$ChunkTransactionCallback.doInTransaction(TaskletStep.java:330)
	at org.springframework.transaction.support.TransactionTemplate.execute(TransactionTemplate.java:133)
	at org.springframework.batch.core.step.tasklet.TaskletStep$2.doInChunkContext(TaskletStep.java:271)
	at org.springframework.batch.core.scope.context.StepContextRepeatCallback.doInIteration(StepContextRepeatCallback.java:81)
	at org.springframework.batch.repeat.support.RepeatTemplate.getNextResult(RepeatTemplate.java:374)
	at org.springframework.batch.repeat.support.RepeatTemplate.executeInternal(RepeatTemplate.java:215)
	at org.springframework.batch.repeat.support.RepeatTemplate.iterate(RepeatTemplate.java:144)
	at org.springframework.batch.core.step.tasklet.TaskletStep.doExecute(TaskletStep.java:257)
	at org.springframework.batch.core.step.AbstractStep.execute(AbstractStep.java:200)
	at org.springframework.batch.core.job.SimpleStepHandler.handleStep(SimpleStepHandler.java:148)
	at org.springframework.batch.core.job.AbstractJob.handleStep(AbstractJob.java:392)
	at org.springframework.batch.core.job.SimpleJob.doExecute(SimpleJob.java:135)
	at org.springframework.batch.core.job.AbstractJob.execute(AbstractJob.java:306)
	at org.springframework.batch.core.launch.support.SimpleJobLauncher$1.run(SimpleJobLauncher.java:135)
	at org.springframework.core.task.SyncTaskExecutor.execute(SyncTaskExecutor.java:50)
	at org.springframework.batch.core.launch.support.SimpleJobLauncher.run(SimpleJobLauncher.java:128)
	at sun.reflect.NativeMethodAccessorImpl.invoke0(Native Method)
	at sun.reflect.NativeMethodAccessorImpl.invoke(NativeMethodAccessorImpl.java:62)
	at sun.reflect.DelegatingMethodAccessorImpl.invoke(DelegatingMethodAccessorImpl.java:43)
	at java.lang.reflect.Method.invoke(Method.java:498)
	at org.springframework.aop.support.AopUtils.invokeJoinpointUsingReflection(AopUtils.java:333)
	at org.springframework.aop.framework.ReflectiveMethodInvocation.invokeJoinpoint(ReflectiveMethodInvocation.java:190)
	at org.springframework.aop.framework.ReflectiveMethodInvocation.proceed(ReflectiveMethodInvocation.java:157)
	at org.springframework.batch.core.configuration.annotation.SimpleBatchConfiguration$PassthruAdvice.invoke(SimpleBatchConfiguration.java:127)
	at org.springframework.aop.framework.ReflectiveMethodInvocation.proceed(ReflectiveMethodInvocation.java:179)
	at org.springframework.aop.framework.JdkDynamicAopProxy.invoke(JdkDynamicAopProxy.java:213)
	at com.sun.proxy.$Proxy63.run(Unknown Source)
	at org.springframework.boot.autoconfigure.batch.JobLauncherCommandLineRunner.execute(JobLauncherCommandLineRunner.java:216)
	at org.springframework.boot.autoconfigure.batch.JobLauncherCommandLineRunner.executeLocalJobs(JobLauncherCommandLineRunner.java:233)
	at org.springframework.boot.autoconfigure.batch.JobLauncherCommandLineRunner.launchJobFromProperties(JobLauncherCommandLineRunner.java:125)
	at org.springframework.boot.autoconfigure.batch.JobLauncherCommandLineRunner.run(JobLauncherCommandLineRunner.java:119)
	at org.springframework.boot.SpringApplication.callRunner(SpringApplication.java:800)
	at org.springframework.boot.SpringApplication.callRunners(SpringApplication.java:784)
	at org.springframework.boot.SpringApplication.afterRefresh(SpringApplication.java:771)
	at org.springframework.boot.SpringApplication.run(SpringApplication.java:316)
	at org.springframework.boot.test.context.SpringBootContextLoader.loadContext(SpringBootContextLoader.java:111)
	at org.springframework.test.context.cache.DefaultCacheAwareContextLoaderDelegate.loadContextInternal(DefaultCacheAwareContextLoaderDelegate.java:98)
	at org.springframework.test.context.cache.DefaultCacheAwareContextLoaderDelegate.loadContext(DefaultCacheAwareContextLoaderDelegate.java:116)
	at org.springframework.test.context.support.DefaultTestContext.getApplicationContext(DefaultTestContext.java:83)
	at org.springframework.test.context.support.DependencyInjectionTestExecutionListener.injectDependencies(DependencyInjectionTestExecutionListener.java:117)
	at org.springframework.test.context.support.DependencyInjectionTestExecutionListener.prepareTestInstance(DependencyInjectionTestExecutionListener.java:83)
	at org.springframework.boot.test.autoconfigure.SpringBootDependencyInjectionTestExecutionListener.prepareTestInstance(SpringBootDependencyInjectionTestExecutionListener.java:44)
	at org.springframework.test.context.TestContextManager.prepareTestInstance(TestContextManager.java:230)
	at org.springframework.test.context.junit4.SpringJUnit4ClassRunner.createTest(SpringJUnit4ClassRunner.java:228)
	at org.springframework.test.context.junit4.SpringJUnit4ClassRunner$1.runReflectiveCall(SpringJUnit4ClassRunner.java:287)
	at org.junit.internal.runners.model.ReflectiveCallable.run(ReflectiveCallable.java:12)
	at org.springframework.test.context.junit4.SpringJUnit4ClassRunner.methodBlock(SpringJUnit4ClassRunner.java:289)
	at org.springframework.test.context.junit4.SpringJUnit4ClassRunner.runChild(SpringJUnit4ClassRunner.java:247)
	at org.springframework.test.context.junit4.SpringJUnit4ClassRunner.runChild(SpringJUnit4ClassRunner.java:94)
	at org.junit.runners.ParentRunner$3.run(ParentRunner.java:290)
	at org.junit.runners.ParentRunner$1.schedule(ParentRunner.java:71)
	at org.junit.runners.ParentRunner.runChildren(ParentRunner.java:288)
	at org.junit.runners.ParentRunner.access$000(ParentRunner.java:58)
	at org.junit.runners.ParentRunner$2.evaluate(ParentRunner.java:268)
	at org.springframework.test.context.junit4.statements.RunBeforeTestClassCallbacks.evaluate(RunBeforeTestClassCallbacks.java:61)
	at org.springframework.test.context.junit4.statements.RunAfterTestClassCallbacks.evaluate(RunAfterTestClassCallbacks.java:70)
	at org.junit.runners.ParentRunner.run(ParentRunner.java:363)
	at org.springframework.test.context.junit4.SpringJUnit4ClassRunner.run(SpringJUnit4ClassRunner.java:191)
	at org.gradle.api.internal.tasks.testing.junit.JUnitTestClassExecuter.runTestClass(JUnitTestClassExecuter.java:114)
	at org.gradle.api.internal.tasks.testing.junit.JUnitTestClassExecuter.execute(JUnitTestClassExecuter.java:57)
	at org.gradle.api.internal.tasks.testing.junit.JUnitTestClassProcessor.processTestClass(JUnitTestClassProcessor.java:66)
	at org.gradle.api.internal.tasks.testing.SuiteTestClassProcessor.processTestClass(SuiteTestClassProcessor.java:51)
	at sun.reflect.NativeMethodAccessorImpl.invoke0(Native Method)
	at sun.reflect.NativeMethodAccessorImpl.invoke(NativeMethodAccessorImpl.java:62)
	at sun.reflect.DelegatingMethodAccessorImpl.invoke(DelegatingMethodAccessorImpl.java:43)
	at java.lang.reflect.Method.invoke(Method.java:498)
	at org.gradle.internal.dispatch.ReflectionDispatch.dispatch(ReflectionDispatch.java:35)
	at org.gradle.internal.dispatch.ReflectionDispatch.dispatch(ReflectionDispatch.java:24)
	at org.gradle.internal.dispatch.ContextClassLoaderDispatch.dispatch(ContextClassLoaderDispatch.java:32)
	at org.gradle.internal.dispatch.ProxyDispatchAdapter$DispatchingInvocationHandler.invoke(ProxyDispatchAdapter.java:93)
	at com.sun.proxy.$Proxy2.processTestClass(Unknown Source)
	at org.gradle.api.internal.tasks.testing.worker.TestWorker.processTestClass(TestWorker.java:109)
	at sun.reflect.NativeMethodAccessorImpl.invoke0(Native Method)
	at sun.reflect.NativeMethodAccessorImpl.invoke(NativeMethodAccessorImpl.java:62)
	at sun.reflect.DelegatingMethodAccessorImpl.invoke(DelegatingMethodAccessorImpl.java:43)
	at java.lang.reflect.Method.invoke(Method.java:498)
	at org.gradle.internal.dispatch.ReflectionDispatch.dispatch(ReflectionDispatch.java:35)
	at org.gradle.internal.dispatch.ReflectionDispatch.dispatch(ReflectionDispatch.java:24)
	at org.gradle.internal.remote.internal.hub.MessageHub$Handler.run(MessageHub.java:377)
	at org.gradle.internal.concurrent.ExecutorPolicy$CatchAndRecordFailures.onExecute(ExecutorPolicy.java:54)
	at org.gradle.internal.concurrent.StoppableExecutorImpl$1.run(StoppableExecutorImpl.java:40)
	at java.util.concurrent.ThreadPoolExecutor.runWorker(ThreadPoolExecutor.java:1142)
	at java.util.concurrent.ThreadPoolExecutor$Worker.run(ThreadPoolExecutor.java:617)
	at java.lang.Thread.run(Thread.java:745)
Caused by: java.sql.BatchUpdateException: Invalid object name 'dbo.FUEL_CYCLE_DISC_BOARD'.
	at com.microsoft.sqlserver.jdbc.SQLServerPreparedStatement.executeBatch(SQLServerPreparedStatement.java:1178)
	at org.springframework.batch.item.database.JdbcBatchItemWriter$1.doInPreparedStatement(JdbcBatchItemWriter.java:192)
	at org.springframework.batch.item.database.JdbcBatchItemWriter$1.doInPreparedStatement(JdbcBatchItemWriter.java:185)
	at org.springframework.jdbc.core.JdbcTemplate.execute(JdbcTemplate.java:633)
	... 92 common frames omitted
Reader Converter Finished!
2017-09-19 18:47:46.776  INFO 128392 --- [    Test worker] o.s.b.c.l.support.SimpleJobLauncher      : Job: [SimpleJob: [name=job 2017-09-19 18:47:26]] completed with the following parameters: [{}] and the following status: [FAILED]
2017-09-19 18:47:46.776  INFO 128392 --- [    Test worker] pringbootReaderconverterApplicationTests : Started CigSpringbootReaderconverterApplicationTests in 26.495 seconds (JVM running for 31.283)
]]></system-out>
  <system-err><![CDATA[]]></system-err>
</testsuite>
